<?xml version="1.0" encoding="UTF-8"?>
<!-- Generated by org.testng.reporters.JUnitXMLReporter -->
<testsuite ignored="0" hostname="LPCAIQ1099" failures="1" tests="1" name="Surefire test" time="21.31" errors="0" timestamp="2024-08-13T17:46:57 EEST">
  <testcase classname="Tests.FormPageValidationTests" name="FormAlertValidation" time="2.747">
    <failure type="java.lang.AssertionError" message="expected [Please  your name] but found [Please enter your name]">
      <![CDATA[java.lang.AssertionError: expected [Please  your name] but found [Please enter your name]
at Tests.FormPageValidationTests.FormAlertValidation(FormPageValidationTests.java:48)
at java.base/java.util.ArrayList.forEach(ArrayList.java:1597)
... Removed 36 stack frames]]>
    </failure>
  </testcase> <!-- FormAlertValidation -->
</testsuite> <!-- Surefire test -->
